{"name":"MongoDB Driver","hostname":"LAPTOP-33DQIMVA","pid":25484,"level":30,"dbQuery":"db.users.createIndex({\"email\":1}, {});","msg":"","time":"2022-01-05T12:33:58.205Z","v":0}
{"name":"MongoDB Driver","hostname":"LAPTOP-33DQIMVA","pid":17520,"level":30,"dbQuery":"db.users.createIndex({\"email\":1}, {});","msg":"","time":"2022-01-05T12:34:10.799Z","v":0}
{"name":"MongoDB Driver","hostname":"LAPTOP-33DQIMVA","pid":17520,"level":30,"dbQuery":"db.users.findOne({\"email\":\"kowamh6lqm/vvabjnpdnoq==\"}, {});","msg":"","time":"2022-01-05T12:35:26.102Z","v":0}
{"name":"MongoDB Driver","hostname":"LAPTOP-33DQIMVA","pid":34208,"level":30,"dbQuery":"db.users.createIndex({\"email\":1}, {});","msg":"","time":"2022-01-05T12:36:14.021Z","v":0}
{"name":"MongoDB Driver","hostname":"LAPTOP-33DQIMVA","pid":27484,"level":30,"dbQuery":"db.users.createIndex({\"email\":1}, {});","msg":"","time":"2022-01-05T12:36:22.681Z","v":0}
{"name":"MongoDB Driver","hostname":"LAPTOP-33DQIMVA","pid":2632,"level":30,"dbQuery":"db.users.createIndex({\"email\":1}, {});","msg":"","time":"2022-01-05T12:36:25.078Z","v":0}
{"name":"MongoDB Driver","hostname":"LAPTOP-33DQIMVA","pid":29148,"level":30,"dbQuery":"db.users.createIndex({\"email\":1}, {});","msg":"","time":"2022-01-05T12:36:37.250Z","v":0}
{"name":"MongoDB Driver","hostname":"LAPTOP-33DQIMVA","pid":33740,"level":30,"dbQuery":"db.users.createIndex({\"email\":1}, {});","msg":"","time":"2022-01-05T12:36:39.775Z","v":0}
{"name":"MongoDB Driver","hostname":"LAPTOP-33DQIMVA","pid":33740,"level":30,"dbQuery":"db.users.findOne({\"email\":\"kowamh6lqm/vvabjnpdnoq==\"}, {});","msg":"","time":"2022-01-05T12:37:04.186Z","v":0}
{"name":"MongoDB Driver","hostname":"LAPTOP-33DQIMVA","pid":33740,"level":30,"dbQuery":"db.sauces.find({}, {});","msg":"","time":"2022-01-05T12:37:04.407Z","v":0}
{"name":"MongoDB Driver","hostname":"LAPTOP-33DQIMVA","pid":33740,"level":30,"dbQuery":"db.users.findOne({\"email\":\"kowamh6lqm/vvabjnpdnoq==\"}, {});","msg":"","time":"2022-01-05T12:40:48.792Z","v":0}
{"name":"MongoDB Driver","hostname":"LAPTOP-33DQIMVA","pid":33740,"level":30,"dbQuery":"db.sauces.find({}, {});","msg":"","time":"2022-01-05T12:40:49.013Z","v":0}
{"name":"MongoDB Driver","hostname":"LAPTOP-33DQIMVA","pid":24420,"level":30,"dbQuery":"db.users.createIndex({\"email\":1}, {});","msg":"","time":"2022-01-05T12:46:09.822Z","v":0}
{"name":"MongoDB Driver","hostname":"LAPTOP-33DQIMVA","pid":26216,"level":30,"dbQuery":"db.users.createIndex({\"email\":1}, {});","msg":"","time":"2022-01-05T12:48:50.705Z","v":0}
{"name":"MongoDB Driver","hostname":"LAPTOP-33DQIMVA","pid":5360,"level":30,"dbQuery":"db.users.createIndex({\"email\":1}, {});","msg":"","time":"2022-01-05T12:49:01.701Z","v":0}
{"name":"MongoDB Driver","hostname":"LAPTOP-33DQIMVA","pid":37368,"level":30,"dbQuery":"db.users.createIndex({\"email\":1}, {});","msg":"","time":"2022-01-05T12:52:44.882Z","v":0}
{"name":"MongoDB Driver","hostname":"LAPTOP-33DQIMVA","pid":36460,"level":30,"dbQuery":"db.users.createIndex({\"email\":1}, {});","msg":"","time":"2022-01-05T12:53:43.867Z","v":0}
{"name":"MongoDB Driver","hostname":"LAPTOP-33DQIMVA","pid":1972,"level":30,"dbQuery":"db.users.createIndex({\"email\":1}, {});","msg":"","time":"2022-01-05T12:54:05.319Z","v":0}
{"name":"MongoDB Driver","hostname":"LAPTOP-33DQIMVA","pid":37188,"level":30,"dbQuery":"db.users.createIndex({\"email\":1}, {});","msg":"","time":"2022-01-05T12:54:42.987Z","v":0}
{"name":"MongoDB Driver","hostname":"LAPTOP-33DQIMVA","pid":20016,"level":30,"dbQuery":"db.users.createIndex({\"email\":1}, {});","msg":"","time":"2022-01-05T12:55:08.844Z","v":0}
{"name":"MongoDB Driver","hostname":"LAPTOP-33DQIMVA","pid":10992,"level":30,"dbQuery":"db.users.createIndex({\"email\":1}, {});","msg":"","time":"2022-01-05T12:56:00.733Z","v":0}
{"name":"MongoDB Driver","hostname":"LAPTOP-33DQIMVA","pid":29200,"level":30,"dbQuery":"db.users.createIndex({\"email\":1}, {});","msg":"","time":"2022-01-05T12:59:55.381Z","v":0}
{"name":"MongoDB Driver","hostname":"LAPTOP-33DQIMVA","pid":9016,"level":30,"dbQuery":"db.users.createIndex({\"email\":1}, {});","msg":"","time":"2022-01-05T13:01:22.596Z","v":0}
{"name":"MongoDB Driver","hostname":"LAPTOP-33DQIMVA","pid":10896,"level":30,"dbQuery":"db.users.createIndex({\"email\":1}, {});","msg":"","time":"2022-01-05T13:02:28.373Z","v":0}
{"name":"MongoDB Driver","hostname":"LAPTOP-33DQIMVA","pid":28680,"level":30,"dbQuery":"db.users.createIndex({\"email\":1}, {});","msg":"","time":"2022-01-05T13:03:34.272Z","v":0}
{"name":"MongoDB Driver","hostname":"LAPTOP-33DQIMVA","pid":26996,"level":30,"dbQuery":"db.users.createIndex({\"email\":1}, {});","msg":"","time":"2022-01-05T13:03:46.036Z","v":0}
{"name":"MongoDB Driver","hostname":"LAPTOP-33DQIMVA","pid":8704,"level":30,"dbQuery":"db.users.createIndex({\"email\":1}, {});","msg":"","time":"2022-01-05T13:03:50.307Z","v":0}
{"name":"MongoDB Driver","hostname":"LAPTOP-33DQIMVA","pid":11596,"level":30,"dbQuery":"db.users.createIndex({\"email\":1}, {});","msg":"","time":"2022-01-05T13:03:52.872Z","v":0}
{"name":"MongoDB Driver","hostname":"LAPTOP-33DQIMVA","pid":20284,"level":30,"dbQuery":"db.users.createIndex({\"email\":1}, {});","msg":"","time":"2022-01-05T13:04:02.383Z","v":0}
{"name":"MongoDB Driver","hostname":"LAPTOP-33DQIMVA","pid":148,"level":30,"dbQuery":"db.users.createIndex({\"email\":1}, {});","msg":"","time":"2022-01-05T13:04:11.378Z","v":0}
{"name":"MongoDB Driver","hostname":"LAPTOP-33DQIMVA","pid":3392,"level":30,"dbQuery":"db.users.createIndex({\"email\":1}, {});","msg":"","time":"2022-01-05T13:04:21.372Z","v":0}
{"name":"MongoDB Driver","hostname":"LAPTOP-33DQIMVA","pid":7156,"level":30,"dbQuery":"db.users.createIndex({\"email\":1}, {});","msg":"","time":"2022-01-05T13:04:33.825Z","v":0}
{"name":"MongoDB Driver","hostname":"LAPTOP-33DQIMVA","pid":30188,"level":30,"dbQuery":"db.users.createIndex({\"email\":1}, {});","msg":"","time":"2022-01-05T13:04:46.695Z","v":0}
{"name":"MongoDB Driver","hostname":"LAPTOP-33DQIMVA","pid":17440,"level":30,"dbQuery":"db.users.createIndex({\"email\":1}, {});","msg":"","time":"2022-01-05T13:13:34.087Z","v":0}
{"name":"MongoDB Driver","hostname":"LAPTOP-33DQIMVA","pid":36712,"level":30,"dbQuery":"db.users.createIndex({\"email\":1}, {});","msg":"","time":"2022-01-05T13:13:44.004Z","v":0}
{"name":"MongoDB Driver","hostname":"LAPTOP-33DQIMVA","pid":28876,"level":30,"dbQuery":"db.users.createIndex({\"email\":1}, {});","msg":"","time":"2022-01-05T13:13:48.375Z","v":0}
{"name":"MongoDB Driver","hostname":"LAPTOP-33DQIMVA","pid":1608,"level":30,"dbQuery":"db.users.createIndex({\"email\":1}, {});","msg":"","time":"2022-01-05T13:14:07.063Z","v":0}
{"name":"MongoDB Driver","hostname":"LAPTOP-33DQIMVA","pid":34904,"level":30,"dbQuery":"db.users.createIndex({\"email\":1}, {});","msg":"","time":"2022-01-05T13:14:27.187Z","v":0}
{"name":"MongoDB Driver","hostname":"LAPTOP-33DQIMVA","pid":33312,"level":30,"dbQuery":"db.users.createIndex({\"email\":1}, {});","msg":"","time":"2022-01-05T13:14:35.767Z","v":0}
{"name":"MongoDB Driver","hostname":"LAPTOP-33DQIMVA","pid":17204,"level":30,"dbQuery":"db.users.createIndex({\"email\":1}, {});","msg":"","time":"2022-01-05T13:14:49.816Z","v":0}
{"name":"MongoDB Driver","hostname":"LAPTOP-33DQIMVA","pid":17204,"level":30,"dbQuery":"db.users.findOne({\"email\":\"kowamh6lqm/vvabjnpdnoq==\"}, {});","msg":"","time":"2022-01-05T20:42:34.636Z","v":0}
{"name":"MongoDB Driver","hostname":"LAPTOP-33DQIMVA","pid":17204,"level":30,"dbQuery":"db.sauces.find({}, {});","msg":"","time":"2022-01-05T20:44:03.922Z","v":0}
{"name":"MongoDB Driver","hostname":"LAPTOP-33DQIMVA","pid":17204,"level":30,"dbQuery":"db.sauces.findOne({\"_id\":\"61d42c78769166ab729cd53f\"}, {});","msg":"","time":"2022-01-05T20:45:40.801Z","v":0}
{"name":"MongoDB Driver","hostname":"LAPTOP-33DQIMVA","pid":17204,"level":30,"dbQuery":"db.users.countDocuments({\"email\":\"icsoqjea3xxjgrk4jxi2lw==\"}, {});","msg":"","time":"2022-01-05T20:46:39.647Z","v":0}
{"name":"MongoDB Driver","hostname":"LAPTOP-33DQIMVA","pid":17204,"level":30,"dbQuery":"db.users.countDocuments({\"_id\":\"61d603af6a8e4030c683bf17\"}, {});","msg":"","time":"2022-01-05T20:46:39.651Z","v":0}
{"name":"MongoDB Driver","hostname":"LAPTOP-33DQIMVA","pid":17204,"level":30,"dbQuery":"db.users.insertOne({\"email\":\"icsoqjea3xxjgrk4jxi2lw==\",\"password\":\"$2b$10$ZDWW0ky3daNTwX9TyrZnn.i7/0pqi0nf4gxZx6zWEUJo3FQjDsvsG\",\"_id\":\"61d603af6a8e4030c683bf17\",\"__v\":0}, {});","msg":"","time":"2022-01-05T20:46:40.280Z","v":0}
{"name":"MongoDB Driver","hostname":"LAPTOP-33DQIMVA","pid":17204,"level":30,"dbQuery":"db.sauces.find({}, {});","msg":"","time":"2022-01-05T20:47:24.179Z","v":0}
{"name":"MongoDB Driver","hostname":"LAPTOP-33DQIMVA","pid":28024,"level":30,"dbQuery":"db.users.createIndex({\"email\":1}, {});","msg":"","time":"2022-01-05T20:48:16.115Z","v":0}
{"name":"MongoDB Driver","hostname":"LAPTOP-33DQIMVA","pid":28024,"level":30,"dbQuery":"db.sauces.find({}, {});","msg":"","time":"2022-01-05T20:48:22.580Z","v":0}
{"name":"MongoDB Driver","hostname":"LAPTOP-33DQIMVA","pid":28024,"level":30,"dbQuery":"db.sauces.findOne({\"_id\":\"61d42c78769166ab729cd53f\"}, {});","msg":"","time":"2022-01-05T20:48:31.873Z","v":0}
{"name":"MongoDB Driver","hostname":"LAPTOP-33DQIMVA","pid":28024,"level":30,"dbQuery":"db.sauces.find({}, {});","msg":"","time":"2022-01-05T20:48:44.147Z","v":0}
{"name":"MongoDB Driver","hostname":"LAPTOP-33DQIMVA","pid":26708,"level":30,"dbQuery":"db.users.createIndex({\"email\":1}, {});","msg":"","time":"2022-01-05T20:48:57.002Z","v":0}
{"name":"MongoDB Driver","hostname":"LAPTOP-33DQIMVA","pid":2360,"level":30,"dbQuery":"db.users.createIndex({\"email\":1}, {});","msg":"","time":"2022-01-05T20:49:43.210Z","v":0}
{"name":"MongoDB Driver","hostname":"LAPTOP-33DQIMVA","pid":2360,"level":30,"dbQuery":"db.sauces.find({}, {});","msg":"","time":"2022-01-05T20:49:45.857Z","v":0}
{"name":"MongoDB Driver","hostname":"LAPTOP-33DQIMVA","pid":2360,"level":30,"dbQuery":"db.sauces.find({}, {});","msg":"","time":"2022-01-05T20:49:52.526Z","v":0}
{"name":"MongoDB Driver","hostname":"LAPTOP-33DQIMVA","pid":2360,"level":30,"dbQuery":"db.users.findOne({\"email\":\"kowamh6lqm/vvabjnpdnoq==\"}, {});","msg":"","time":"2022-01-05T20:49:56.794Z","v":0}
{"name":"MongoDB Driver","hostname":"LAPTOP-33DQIMVA","pid":2360,"level":30,"dbQuery":"db.sauces.find({}, {});","msg":"","time":"2022-01-05T20:50:09.474Z","v":0}
{"name":"MongoDB Driver","hostname":"LAPTOP-33DQIMVA","pid":32152,"level":30,"dbQuery":"db.users.createIndex({\"email\":1}, {});","msg":"","time":"2022-01-05T20:50:22.983Z","v":0}
{"name":"MongoDB Driver","hostname":"LAPTOP-33DQIMVA","pid":32152,"level":30,"dbQuery":"db.sauces.find({}, {});","msg":"","time":"2022-01-05T20:50:25.490Z","v":0}
{"name":"MongoDB Driver","hostname":"LAPTOP-33DQIMVA","pid":29284,"level":30,"dbQuery":"db.users.createIndex({\"email\":1}, {});","msg":"","time":"2022-01-05T20:55:42.562Z","v":0}
{"name":"MongoDB Driver","hostname":"LAPTOP-33DQIMVA","pid":9784,"level":30,"dbQuery":"db.users.createIndex({\"email\":1}, {});","msg":"","time":"2022-01-05T20:55:48.691Z","v":0}
{"name":"MongoDB Driver","hostname":"LAPTOP-33DQIMVA","pid":16496,"level":30,"dbQuery":"db.users.createIndex({\"email\":1}, {});","msg":"","time":"2022-01-05T20:56:27.134Z","v":0}
{"name":"MongoDB Driver","hostname":"LAPTOP-33DQIMVA","pid":16496,"level":30,"dbQuery":"db.sauces.find({}, {});","msg":"","time":"2022-01-05T20:56:29.400Z","v":0}
{"name":"MongoDB Driver","hostname":"LAPTOP-33DQIMVA","pid":16496,"level":30,"dbQuery":"db.sauces.find({}, {});","msg":"","time":"2022-01-05T20:56:42.675Z","v":0}
{"name":"MongoDB Driver","hostname":"LAPTOP-33DQIMVA","pid":25024,"level":30,"dbQuery":"db.users.createIndex({\"email\":1}, {});","msg":"","time":"2022-01-05T20:58:35.978Z","v":0}
{"name":"MongoDB Driver","hostname":"LAPTOP-33DQIMVA","pid":25024,"level":30,"dbQuery":"db.sauces.find({}, {});","msg":"","time":"2022-01-05T20:58:39.086Z","v":0}
{"name":"MongoDB Driver","hostname":"LAPTOP-33DQIMVA","pid":34300,"level":30,"dbQuery":"db.users.createIndex({\"email\":1}, {});","msg":"","time":"2022-01-05T20:59:13.510Z","v":0}
{"name":"MongoDB Driver","hostname":"LAPTOP-33DQIMVA","pid":34300,"level":30,"dbQuery":"db.sauces.find({}, {});","msg":"","time":"2022-01-05T20:59:17.113Z","v":0}
{"name":"MongoDB Driver","hostname":"LAPTOP-33DQIMVA","pid":33460,"level":30,"dbQuery":"db.users.createIndex({\"email\":1}, {});","msg":"","time":"2022-01-05T20:59:41.507Z","v":0}
{"name":"MongoDB Driver","hostname":"LAPTOP-33DQIMVA","pid":27384,"level":30,"dbQuery":"db.users.createIndex({\"email\":1}, {});","msg":"","time":"2022-01-05T20:59:59.894Z","v":0}
{"name":"MongoDB Driver","hostname":"LAPTOP-33DQIMVA","pid":27384,"level":30,"dbQuery":"db.sauces.find({}, {});","msg":"","time":"2022-01-05T21:00:03.248Z","v":0}
{"name":"MongoDB Driver","hostname":"LAPTOP-33DQIMVA","pid":25624,"level":30,"dbQuery":"db.users.createIndex({\"email\":1}, {});","msg":"","time":"2022-01-05T21:00:19.564Z","v":0}
{"name":"MongoDB Driver","hostname":"LAPTOP-33DQIMVA","pid":25624,"level":30,"dbQuery":"db.sauces.find({}, {});","msg":"","time":"2022-01-05T21:00:21.878Z","v":0}
{"name":"MongoDB Driver","hostname":"LAPTOP-33DQIMVA","pid":37568,"level":30,"dbQuery":"db.users.createIndex({\"email\":1}, {});","msg":"","time":"2022-01-05T21:00:43.374Z","v":0}
{"name":"MongoDB Driver","hostname":"LAPTOP-33DQIMVA","pid":25588,"level":30,"dbQuery":"db.users.createIndex({\"email\":1}, {});","msg":"","time":"2022-01-05T21:01:00.476Z","v":0}
{"name":"MongoDB Driver","hostname":"LAPTOP-33DQIMVA","pid":36848,"level":30,"dbQuery":"db.users.createIndex({\"email\":1}, {});","msg":"","time":"2022-01-05T21:01:20.596Z","v":0}
{"name":"MongoDB Driver","hostname":"LAPTOP-33DQIMVA","pid":36848,"level":30,"dbQuery":"db.sauces.find({}, {});","msg":"","time":"2022-01-05T21:01:33.244Z","v":0}
{"name":"MongoDB Driver","hostname":"LAPTOP-33DQIMVA","pid":1092,"level":30,"dbQuery":"db.users.createIndex({\"email\":1}, {});","msg":"","time":"2022-01-05T21:02:12.074Z","v":0}
{"name":"MongoDB Driver","hostname":"LAPTOP-33DQIMVA","pid":1092,"level":30,"dbQuery":"db.sauces.find({}, {});","msg":"","time":"2022-01-05T21:02:13.937Z","v":0}
{"name":"MongoDB Driver","hostname":"LAPTOP-33DQIMVA","pid":28608,"level":30,"dbQuery":"db.users.createIndex({\"email\":1}, {});","msg":"","time":"2022-01-05T21:02:26.116Z","v":0}
{"name":"MongoDB Driver","hostname":"LAPTOP-33DQIMVA","pid":28608,"level":30,"dbQuery":"db.sauces.find({}, {});","msg":"","time":"2022-01-05T21:02:36.765Z","v":0}
{"name":"MongoDB Driver","hostname":"LAPTOP-33DQIMVA","pid":25344,"level":30,"dbQuery":"db.users.createIndex({\"email\":1}, {});","msg":"","time":"2022-01-05T21:03:48.266Z","v":0}
{"name":"MongoDB Driver","hostname":"LAPTOP-33DQIMVA","pid":31392,"level":30,"dbQuery":"db.users.createIndex({\"email\":1}, {});","msg":"","time":"2022-01-05T21:03:53.675Z","v":0}
{"name":"MongoDB Driver","hostname":"LAPTOP-33DQIMVA","pid":29944,"level":30,"dbQuery":"db.users.createIndex({\"email\":1}, {});","msg":"","time":"2022-01-05T21:04:17.857Z","v":0}
{"name":"MongoDB Driver","hostname":"LAPTOP-33DQIMVA","pid":29764,"level":30,"dbQuery":"db.users.createIndex({\"email\":1}, {});","msg":"","time":"2022-01-05T21:04:33.533Z","v":0}
{"name":"MongoDB Driver","hostname":"LAPTOP-33DQIMVA","pid":29764,"level":30,"dbQuery":"db.sauces.find({}, {});","msg":"","time":"2022-01-05T21:04:43.408Z","v":0}
{"name":"MongoDB Driver","hostname":"LAPTOP-33DQIMVA","pid":26448,"level":30,"dbQuery":"db.users.createIndex({\"email\":1}, {});","msg":"","time":"2022-01-05T21:06:57.631Z","v":0}
{"name":"MongoDB Driver","hostname":"LAPTOP-33DQIMVA","pid":26632,"level":30,"dbQuery":"db.users.createIndex({\"email\":1}, {});","msg":"","time":"2022-01-05T21:07:12.547Z","v":0}
{"name":"MongoDB Driver","hostname":"LAPTOP-33DQIMVA","pid":25152,"level":30,"dbQuery":"db.sauces.find({}, {});","msg":"","time":"2022-01-05T21:07:49.633Z","v":0}
{"name":"MongoDB Driver","hostname":"LAPTOP-33DQIMVA","pid":25152,"level":30,"dbQuery":"db.users.createIndex({\"email\":1}, {});","msg":"","time":"2022-01-05T21:07:49.740Z","v":0}
{"name":"MongoDB Driver","hostname":"LAPTOP-33DQIMVA","pid":35440,"level":30,"dbQuery":"db.users.createIndex({\"email\":1}, {});","msg":"","time":"2022-01-05T21:08:02.963Z","v":0}
{"name":"MongoDB Driver","hostname":"LAPTOP-33DQIMVA","pid":35440,"level":30,"dbQuery":"db.sauces.find({}, {});","msg":"","time":"2022-01-05T21:08:05.124Z","v":0}
{"name":"MongoDB Driver","hostname":"LAPTOP-33DQIMVA","pid":36484,"level":30,"dbQuery":"db.users.createIndex({\"email\":1}, {});","msg":"","time":"2022-01-05T21:08:24.836Z","v":0}
{"name":"MongoDB Driver","hostname":"LAPTOP-33DQIMVA","pid":36484,"level":30,"dbQuery":"db.sauces.find({}, {});","msg":"","time":"2022-01-05T21:08:27.979Z","v":0}
{"name":"MongoDB Driver","hostname":"LAPTOP-33DQIMVA","pid":5700,"level":30,"dbQuery":"db.users.createIndex({\"email\":1}, {});","msg":"","time":"2022-01-05T21:08:38.487Z","v":0}
{"name":"MongoDB Driver","hostname":"LAPTOP-33DQIMVA","pid":26280,"level":30,"dbQuery":"db.users.createIndex({\"email\":1}, {});","msg":"","time":"2022-01-05T21:09:07.222Z","v":0}
{"name":"MongoDB Driver","hostname":"LAPTOP-33DQIMVA","pid":36676,"level":30,"dbQuery":"db.users.createIndex({\"email\":1}, {});","msg":"","time":"2022-01-05T21:11:15.382Z","v":0}
{"name":"MongoDB Driver","hostname":"LAPTOP-33DQIMVA","pid":16576,"level":30,"dbQuery":"db.users.createIndex({\"email\":1}, {});","msg":"","time":"2022-01-05T21:11:21.654Z","v":0}
{"name":"MongoDB Driver","hostname":"LAPTOP-33DQIMVA","pid":25104,"level":30,"dbQuery":"db.users.createIndex({\"email\":1}, {});","msg":"","time":"2022-01-05T21:11:29.016Z","v":0}
{"name":"MongoDB Driver","hostname":"LAPTOP-33DQIMVA","pid":25104,"level":30,"dbQuery":"db.sauces.find({}, {});","msg":"","time":"2022-01-05T21:11:31.005Z","v":0}
{"name":"MongoDB Driver","hostname":"LAPTOP-33DQIMVA","pid":27808,"level":30,"dbQuery":"db.users.createIndex({\"email\":1}, {});","msg":"","time":"2022-01-05T21:11:42.249Z","v":0}
{"name":"MongoDB Driver","hostname":"LAPTOP-33DQIMVA","pid":20692,"level":30,"dbQuery":"db.users.createIndex({\"email\":1}, {});","msg":"","time":"2022-01-05T21:11:53.310Z","v":0}
{"name":"MongoDB Driver","hostname":"LAPTOP-33DQIMVA","pid":26324,"level":30,"dbQuery":"db.users.createIndex({\"email\":1}, {});","msg":"","time":"2022-01-05T21:11:56.548Z","v":0}
{"name":"MongoDB Driver","hostname":"LAPTOP-33DQIMVA","pid":26324,"level":30,"dbQuery":"db.sauces.find({}, {});","msg":"","time":"2022-01-05T21:12:00.535Z","v":0}
{"name":"MongoDB Driver","hostname":"LAPTOP-33DQIMVA","pid":35520,"level":30,"dbQuery":"db.users.createIndex({\"email\":1}, {});","msg":"","time":"2022-01-05T21:12:21.747Z","v":0}
{"name":"MongoDB Driver","hostname":"LAPTOP-33DQIMVA","pid":35948,"level":30,"dbQuery":"db.users.createIndex({\"email\":1}, {});","msg":"","time":"2022-01-05T21:12:27.713Z","v":0}
{"name":"MongoDB Driver","hostname":"LAPTOP-33DQIMVA","pid":34080,"level":30,"dbQuery":"db.users.createIndex({\"email\":1}, {});","msg":"","time":"2022-01-05T21:14:22.450Z","v":0}
{"name":"MongoDB Driver","hostname":"LAPTOP-33DQIMVA","pid":29052,"level":30,"dbQuery":"db.users.createIndex({\"email\":1}, {});","msg":"","time":"2022-01-05T21:14:28.421Z","v":0}
{"name":"MongoDB Driver","hostname":"LAPTOP-33DQIMVA","pid":29052,"level":30,"dbQuery":"db.sauces.find({}, {});","msg":"","time":"2022-01-05T21:14:32.496Z","v":0}
{"name":"MongoDB Driver","hostname":"LAPTOP-33DQIMVA","pid":33288,"level":30,"dbQuery":"db.users.createIndex({\"email\":1}, {});","msg":"","time":"2022-01-05T21:14:49.293Z","v":0}
{"name":"MongoDB Driver","hostname":"LAPTOP-33DQIMVA","pid":33288,"level":30,"dbQuery":"db.sauces.find({}, {});","msg":"","time":"2022-01-05T21:14:49.331Z","v":0}
{"name":"MongoDB Driver","hostname":"LAPTOP-33DQIMVA","pid":24644,"level":30,"dbQuery":"db.users.createIndex({\"email\":1}, {});","msg":"","time":"2022-01-05T21:15:10.144Z","v":0}
{"name":"MongoDB Driver","hostname":"LAPTOP-33DQIMVA","pid":35884,"level":30,"dbQuery":"db.users.createIndex({\"email\":1}, {});","msg":"","time":"2022-01-05T21:15:13.398Z","v":0}
{"name":"MongoDB Driver","hostname":"LAPTOP-33DQIMVA","pid":35884,"level":30,"dbQuery":"db.sauces.find({}, {});","msg":"","time":"2022-01-05T21:15:14.308Z","v":0}
{"name":"MongoDB Driver","hostname":"LAPTOP-33DQIMVA","pid":36616,"level":30,"dbQuery":"db.users.createIndex({\"email\":1}, {});","msg":"","time":"2022-01-05T21:16:36.941Z","v":0}
{"name":"MongoDB Driver","hostname":"LAPTOP-33DQIMVA","pid":31980,"level":30,"dbQuery":"db.users.createIndex({\"email\":1}, {});","msg":"","time":"2022-01-05T21:16:41.512Z","v":0}
{"name":"MongoDB Driver","hostname":"LAPTOP-33DQIMVA","pid":36408,"level":30,"dbQuery":"db.users.createIndex({\"email\":1}, {});","msg":"","time":"2022-01-05T21:16:44.304Z","v":0}
{"name":"MongoDB Driver","hostname":"LAPTOP-33DQIMVA","pid":35384,"level":30,"dbQuery":"db.sauces.find({}, {});","msg":"","time":"2022-01-05T21:16:53.546Z","v":0}
{"name":"MongoDB Driver","hostname":"LAPTOP-33DQIMVA","pid":35384,"level":30,"dbQuery":"db.users.createIndex({\"email\":1}, {});","msg":"","time":"2022-01-05T21:16:53.652Z","v":0}
{"name":"MongoDB Driver","hostname":"LAPTOP-33DQIMVA","pid":27304,"level":30,"dbQuery":"db.users.createIndex({\"email\":1}, {});","msg":"","time":"2022-01-05T21:17:04.320Z","v":0}
{"name":"MongoDB Driver","hostname":"LAPTOP-33DQIMVA","pid":27304,"level":30,"dbQuery":"db.sauces.find({}, {});","msg":"","time":"2022-01-05T21:17:31.214Z","v":0}
{"name":"MongoDB Driver","hostname":"LAPTOP-33DQIMVA","pid":34868,"level":30,"dbQuery":"db.sauces.find({}, {});","msg":"","time":"2022-01-05T21:18:38.353Z","v":0}
{"name":"MongoDB Driver","hostname":"LAPTOP-33DQIMVA","pid":34868,"level":30,"dbQuery":"db.users.createIndex({\"email\":1}, {});","msg":"","time":"2022-01-05T21:18:38.468Z","v":0}
{"name":"MongoDB Driver","hostname":"LAPTOP-33DQIMVA","pid":27624,"level":30,"dbQuery":"db.sauces.find({}, {});","msg":"","time":"2022-01-05T21:20:18.748Z","v":0}
{"name":"MongoDB Driver","hostname":"LAPTOP-33DQIMVA","pid":27624,"level":30,"dbQuery":"db.users.createIndex({\"email\":1}, {});","msg":"","time":"2022-01-05T21:20:18.872Z","v":0}
